<?xml version="1.0" encoding="UTF-8"?>
<!-- Generated by org.testng.reporters.JUnitReportReporter -->
<testsuite hostname="ankur-Latitude-3520" failures="0" tests="1" name="Login.LoginPageTest" time="0.000" errors="0" timestamp="2022-08-10T19:46:38 IST" skipped="1">
  <testcase classname="Login.LoginPageTest" name="basePageNavigation" time="0.000">
    <skipped/>
  </testcase> <!-- basePageNavigation -->
  <system-out/>
</testsuite> <!-- Login.LoginPageTest -->
